<?xml version="1.0" encoding="UTF-8"?>
<coverage generated="1588350518619" clover="3.2.0">
  <project timestamp="1588350518620" name="All files">
    <metrics statements="33" coveredstatements="27" conditionals="12" coveredconditionals="12" methods="5" coveredmethods="3" elements="50" coveredelements="42" complexity="0" loc="33" ncloc="33" packages="1" files="3" classes="3"/>
    <file name="Loader.vue" path="D:\workspace\java_meetup\frontend\src\components\Loader.vue">
      <metrics statements="1" coveredstatements="1" conditionals="0" coveredconditionals="0" methods="0" coveredmethods="0"/>
      <line num="14" count="1" type="stmt"/>
    </file>
    <file name="RegisterUsers.vue" path="D:\workspace\java_meetup\frontend\src\components\RegisterUsers.vue">
      <metrics statements="31" coveredstatements="25" conditionals="12" coveredconditionals="12" methods="5" coveredmethods="3"/>
      <line num="23" count="1" type="stmt"/>
      <line num="24" count="1" type="stmt"/>
      <line num="32" count="7" type="stmt"/>
      <line num="43" count="6" type="stmt"/>
      <line num="51" count="6" type="cond" truecount="2" falsecount="0"/>
      <line num="52" count="1" type="stmt"/>
      <line num="56" count="0" type="stmt"/>
      <line num="57" count="0" type="stmt"/>
      <line num="58" count="0" type="stmt"/>
      <line num="59" count="0" type="stmt"/>
      <line num="60" count="0" type="stmt"/>
      <line num="64" count="6" type="stmt"/>
      <line num="65" count="6" type="stmt"/>
      <line num="66" count="6" type="stmt"/>
      <line num="67" count="0" type="stmt"/>
      <line num="69" count="6" type="cond" truecount="2" falsecount="0"/>
      <line num="70" count="1" type="stmt"/>
      <line num="71" count="1" type="stmt"/>
      <line num="74" count="5" type="cond" truecount="2" falsecount="0"/>
      <line num="75" count="1" type="stmt"/>
      <line num="76" count="1" type="stmt"/>
      <line num="79" count="4" type="cond" truecount="2" falsecount="0"/>
      <line num="80" count="1" type="stmt"/>
      <line num="81" count="1" type="stmt"/>
      <line num="83" count="3" type="cond" truecount="2" falsecount="0"/>
      <line num="84" count="1" type="stmt"/>
      <line num="85" count="1" type="stmt"/>
      <line num="87" count="2" type="cond" truecount="2" falsecount="0"/>
      <line num="88" count="1" type="stmt"/>
      <line num="89" count="1" type="stmt"/>
      <line num="91" count="1" type="stmt"/>
    </file>
    <file name="SnackBar.vue" path="D:\workspace\java_meetup\frontend\src\components\SnackBar.vue">
      <metrics statements="1" coveredstatements="1" conditionals="0" coveredconditionals="0" methods="0" coveredmethods="0"/>
      <line num="9" count="1" type="stmt"/>
    </file>
  </project>
</coverage>
