<?xml version="1.0" encoding="UTF-8"?>
<coverage generated="1588446098923" clover="3.2.0">
  <project timestamp="1588446098923" name="All files">
    <metrics statements="34" coveredstatements="33" conditionals="12" coveredconditionals="12" methods="5" coveredmethods="4" elements="51" coveredelements="49" complexity="0" loc="34" ncloc="34" packages="1" files="3" classes="3"/>
    <file name="Loader.vue" path="D:\workspace\java_meetup\frontend\src\components\Loader.vue">
      <metrics statements="1" coveredstatements="1" conditionals="0" coveredconditionals="0" methods="0" coveredmethods="0"/>
      <line num="14" count="1" type="stmt"/>
    </file>
    <file name="RegisterUsers.vue" path="D:\workspace\java_meetup\frontend\src\components\RegisterUsers.vue">
      <metrics statements="32" coveredstatements="31" conditionals="12" coveredconditionals="12" methods="5" coveredmethods="4"/>
      <line num="27" count="1" type="stmt"/>
      <line num="28" count="1" type="stmt"/>
      <line num="36" count="7" type="stmt"/>
      <line num="47" count="6" type="stmt"/>
      <line num="55" count="6" type="cond" truecount="2" falsecount="0"/>
      <line num="56" count="1" type="stmt"/>
      <line num="57" count="1" type="stmt"/>
      <line num="61" count="1" type="stmt"/>
      <line num="62" count="1" type="stmt"/>
      <line num="63" count="1" type="stmt"/>
      <line num="64" count="1" type="stmt"/>
      <line num="65" count="1" type="stmt"/>
      <line num="69" count="6" type="stmt"/>
      <line num="70" count="6" type="stmt"/>
      <line num="71" count="6" type="stmt"/>
      <line num="72" count="0" type="stmt"/>
      <line num="74" count="6" type="cond" truecount="2" falsecount="0"/>
      <line num="75" count="1" type="stmt"/>
      <line num="76" count="1" type="stmt"/>
      <line num="79" count="5" type="cond" truecount="2" falsecount="0"/>
      <line num="80" count="1" type="stmt"/>
      <line num="81" count="1" type="stmt"/>
      <line num="84" count="4" type="cond" truecount="2" falsecount="0"/>
      <line num="85" count="1" type="stmt"/>
      <line num="86" count="1" type="stmt"/>
      <line num="88" count="3" type="cond" truecount="2" falsecount="0"/>
      <line num="89" count="1" type="stmt"/>
      <line num="90" count="1" type="stmt"/>
      <line num="92" count="2" type="cond" truecount="2" falsecount="0"/>
      <line num="93" count="1" type="stmt"/>
      <line num="94" count="1" type="stmt"/>
      <line num="96" count="1" type="stmt"/>
    </file>
    <file name="SnackBar.vue" path="D:\workspace\java_meetup\frontend\src\components\SnackBar.vue">
      <metrics statements="1" coveredstatements="1" conditionals="0" coveredconditionals="0" methods="0" coveredmethods="0"/>
      <line num="15" count="1" type="stmt"/>
    </file>
  </project>
</coverage>
