{"D:\\workspace\\java_meetup\\frontend\\src\\components\\Loader.vue": {"path":"D:\\workspace\\java_meetup\\frontend\\src\\components\\Loader.vue","statementMap":{"0":{"start":{"line":14,"column":0},"end":{"line":14,"column":null}}},"fnMap":{},"branchMap":{},"s":{"0":1},"f":{},"b":{}}
,"D:\\workspace\\java_meetup\\frontend\\src\\components\\RegisterUsers.vue": {"path":"D:\\workspace\\java_meetup\\frontend\\src\\components\\RegisterUsers.vue","statementMap":{"0":{"start":{"line":27,"column":0},"end":{"line":27,"column":null}},"1":{"start":{"line":28,"column":0},"end":{"line":28,"column":null}},"2":{"start":{"line":36,"column":0},"end":{"line":36,"column":null}},"3":{"start":{"line":47,"column":0},"end":{"line":47,"column":null}},"4":{"start":{"line":55,"column":0},"end":{"line":58,"column":null}},"5":{"start":{"line":56,"column":0},"end":{"line":56,"column":null}},"6":{"start":{"line":57,"column":0},"end":{"line":57,"column":null}},"7":{"start":{"line":61,"column":0},"end":{"line":61,"column":null}},"8":{"start":{"line":62,"column":0},"end":{"line":62,"column":null}},"9":{"start":{"line":63,"column":0},"end":{"line":63,"column":null}},"10":{"start":{"line":64,"column":0},"end":{"line":64,"column":null}},"11":{"start":{"line":65,"column":0},"end":{"line":65,"column":null}},"12":{"start":{"line":69,"column":0},"end":{"line":69,"column":null}},"13":{"start":{"line":70,"column":0},"end":{"line":70,"column":null}},"14":{"start":{"line":71,"column":0},"end":{"line":73,"column":null}},"15":{"start":{"line":72,"column":0},"end":{"line":72,"column":null}},"16":{"start":{"line":74,"column":0},"end":{"line":77,"column":null}},"17":{"start":{"line":75,"column":0},"end":{"line":75,"column":null}},"18":{"start":{"line":76,"column":0},"end":{"line":76,"column":null}},"19":{"start":{"line":79,"column":0},"end":{"line":82,"column":null}},"20":{"start":{"line":80,"column":0},"end":{"line":80,"column":null}},"21":{"start":{"line":81,"column":0},"end":{"line":81,"column":null}},"22":{"start":{"line":84,"column":0},"end":{"line":87,"column":null}},"23":{"start":{"line":85,"column":0},"end":{"line":85,"column":null}},"24":{"start":{"line":86,"column":0},"end":{"line":86,"column":null}},"25":{"start":{"line":88,"column":0},"end":{"line":91,"column":null}},"26":{"start":{"line":89,"column":0},"end":{"line":89,"column":null}},"27":{"start":{"line":90,"column":0},"end":{"line":90,"column":null}},"28":{"start":{"line":92,"column":0},"end":{"line":95,"column":null}},"29":{"start":{"line":93,"column":0},"end":{"line":93,"column":null}},"30":{"start":{"line":94,"column":0},"end":{"line":94,"column":null}},"31":{"start":{"line":96,"column":0},"end":{"line":96,"column":null}}},"fnMap":{"0":{"name":"(anonymous_1)","decl":{"start":{"line":35,"column":0},"end":{"line":35,"column":null}},"loc":{"start":{"line":35,"column":0},"end":{"line":44,"column":null}}},"1":{"name":"(anonymous_2)","decl":{"start":{"line":46,"column":0},"end":{"line":46,"column":null}},"loc":{"start":{"line":46,"column":0},"end":{"line":59,"column":null}}},"2":{"name":"(anonymous_3)","decl":{"start":{"line":60,"column":0},"end":{"line":60,"column":null}},"loc":{"start":{"line":60,"column":0},"end":{"line":66,"column":null}}},"3":{"name":"(anonymous_4)","decl":{"start":{"line":67,"column":0},"end":{"line":67,"column":null}},"loc":{"start":{"line":67,"column":0},"end":{"line":97,"column":null}}},"4":{"name":"(anonymous_5)","decl":{"start":{"line":71,"column":0},"end":{"line":71,"column":null}},"loc":{"start":{"line":71,"column":0},"end":{"line":73,"column":null}}}},"branchMap":{"0":{"loc":{"start":{"line":55,"column":0},"end":{"line":58,"column":null}},"type":"if","locations":[{"start":{"line":55,"column":0},"end":{"line":58,"column":null}},{"start":{"line":55,"column":0},"end":{"line":58,"column":null}}]},"1":{"loc":{"start":{"line":74,"column":0},"end":{"line":77,"column":null}},"type":"if","locations":[{"start":{"line":74,"column":0},"end":{"line":77,"column":null}},{"start":{"line":74,"column":0},"end":{"line":77,"column":null}}]},"2":{"loc":{"start":{"line":79,"column":0},"end":{"line":82,"column":null}},"type":"if","locations":[{"start":{"line":79,"column":0},"end":{"line":82,"column":null}},{"start":{"line":79,"column":0},"end":{"line":82,"column":null}}]},"3":{"loc":{"start":{"line":84,"column":0},"end":{"line":87,"column":null}},"type":"if","locations":[{"start":{"line":84,"column":0},"end":{"line":87,"column":null}},{"start":{"line":84,"column":0},"end":{"line":87,"column":null}}]},"4":{"loc":{"start":{"line":88,"column":0},"end":{"line":91,"column":null}},"type":"if","locations":[{"start":{"line":88,"column":0},"end":{"line":91,"column":null}},{"start":{"line":88,"column":0},"end":{"line":91,"column":null}}]},"5":{"loc":{"start":{"line":92,"column":0},"end":{"line":95,"column":null}},"type":"if","locations":[{"start":{"line":92,"column":0},"end":{"line":95,"column":null}},{"start":{"line":92,"column":0},"end":{"line":95,"column":null}}]}},"s":{"0":1,"1":1,"2":7,"3":6,"4":6,"5":1,"6":1,"7":1,"8":1,"9":1,"10":1,"11":1,"12":6,"13":6,"14":6,"15":0,"16":6,"17":1,"18":1,"19":5,"20":1,"21":1,"22":4,"23":1,"24":1,"25":3,"26":1,"27":1,"28":2,"29":1,"30":1,"31":1},"f":{"0":7,"1":6,"2":1,"3":6,"4":0},"b":{"0":[1,5],"1":[1,5],"2":[1,4],"3":[1,3],"4":[1,2],"5":[1,1]}}
,"D:\\workspace\\java_meetup\\frontend\\src\\components\\SnackBar.vue": {"path":"D:\\workspace\\java_meetup\\frontend\\src\\components\\SnackBar.vue","statementMap":{"0":{"start":{"line":15,"column":0},"end":{"line":15,"column":null}}},"fnMap":{},"branchMap":{},"s":{"0":1},"f":{},"b":{}}
}
