TN:
SF:D:\workspace\java_meetup\frontend\src\components\Loader.vue
FNF:0
FNH:0
DA:14,1
LF:1
LH:1
BRF:0
BRH:0
end_of_record
TN:
SF:D:\workspace\java_meetup\frontend\src\components\RegisterUsers.vue
FN:31,(anonymous_1)
FN:42,(anonymous_2)
FN:55,(anonymous_3)
FN:62,(anonymous_4)
FN:66,(anonymous_5)
FNF:5
FNH:3
FNDA:7,(anonymous_1)
FNDA:6,(anonymous_2)
FNDA:0,(anonymous_3)
FNDA:6,(anonymous_4)
FNDA:0,(anonymous_5)
DA:23,1
DA:24,1
DA:32,7
DA:43,6
DA:51,6
DA:52,1
DA:56,0
DA:57,0
DA:58,0
DA:59,0
DA:60,0
DA:64,6
DA:65,6
DA:66,6
DA:67,0
DA:69,6
DA:70,1
DA:71,1
DA:74,5
DA:75,1
DA:76,1
DA:79,4
DA:80,1
DA:81,1
DA:83,3
DA:84,1
DA:85,1
DA:87,2
DA:88,1
DA:89,1
DA:91,1
LF:31
LH:25
BRDA:51,0,0,1
BRDA:51,0,1,5
BRDA:69,1,0,1
BRDA:69,1,1,5
BRDA:74,2,0,1
BRDA:74,2,1,4
BRDA:79,3,0,1
BRDA:79,3,1,3
BRDA:83,4,0,1
BRDA:83,4,1,2
BRDA:87,5,0,1
BRDA:87,5,1,1
BRF:12
BRH:12
end_of_record
TN:
SF:D:\workspace\java_meetup\frontend\src\components\SnackBar.vue
FNF:0
FNH:0
DA:9,1
LF:1
LH:1
BRF:0
BRH:0
end_of_record
