TN:
SF:D:\workspace\java_meetup\frontend\src\components\Loader.vue
FNF:0
FNH:0
DA:14,1
LF:1
LH:1
BRF:0
BRH:0
end_of_record
TN:
SF:D:\workspace\java_meetup\frontend\src\components\RegisterUsers.vue
FN:35,(anonymous_1)
FN:46,(anonymous_2)
FN:60,(anonymous_3)
FN:67,(anonymous_4)
FN:71,(anonymous_5)
FNF:5
FNH:4
FNDA:7,(anonymous_1)
FNDA:6,(anonymous_2)
FNDA:1,(anonymous_3)
FNDA:6,(anonymous_4)
FNDA:0,(anonymous_5)
DA:27,1
DA:28,1
DA:36,7
DA:47,6
DA:55,6
DA:56,1
DA:57,1
DA:61,1
DA:62,1
DA:63,1
DA:64,1
DA:65,1
DA:69,6
DA:70,6
DA:71,6
DA:72,0
DA:74,6
DA:75,1
DA:76,1
DA:79,5
DA:80,1
DA:81,1
DA:84,4
DA:85,1
DA:86,1
DA:88,3
DA:89,1
DA:90,1
DA:92,2
DA:93,1
DA:94,1
DA:96,1
LF:32
LH:31
BRDA:55,0,0,1
BRDA:55,0,1,5
BRDA:74,1,0,1
BRDA:74,1,1,5
BRDA:79,2,0,1
BRDA:79,2,1,4
BRDA:84,3,0,1
BRDA:84,3,1,3
BRDA:88,4,0,1
BRDA:88,4,1,2
BRDA:92,5,0,1
BRDA:92,5,1,1
BRF:12
BRH:12
end_of_record
TN:
SF:D:\workspace\java_meetup\frontend\src\components\SnackBar.vue
FNF:0
FNH:0
DA:15,1
LF:1
LH:1
BRF:0
BRH:0
end_of_record
