{"D:\\workspace\\java_meetup\\web-app\\src\\App.vue": {"path":"D:\\workspace\\java_meetup\\web-app\\src\\App.vue","statementMap":{"0":{"start":{"line":12,"column":0},"end":{"line":12,"column":null}},"1":{"start":{"line":13,"column":0},"end":{"line":13,"column":null}}},"fnMap":{},"branchMap":{},"s":{"0":0,"1":0},"f":{},"b":{}}
,"D:\\workspace\\java_meetup\\web-app\\src\\main.js": {"path":"D:\\workspace\\java_meetup\\web-app\\src\\main.js","statementMap":{"0":{"start":{"line":7,"column":0},"end":{"line":7,"column":33}},"1":{"start":{"line":9,"column":0},"end":{"line":13,"column":18}},"2":{"start":{"line":12,"column":15},"end":{"line":12,"column":21}}},"fnMap":{"0":{"name":"(anonymous_0)","decl":{"start":{"line":12,"column":10},"end":{"line":12,"column":11}},"loc":{"start":{"line":12,"column":15},"end":{"line":12,"column":21}},"line":12}},"branchMap":{},"s":{"0":0,"1":0,"2":0},"f":{"0":0},"b":{},"hash":"17b3515b81cdcc7ab61e22066c1e4a379059de4b"}
,"D:\\workspace\\java_meetup\\web-app\\src\\registerServiceWorker.js": {"path":"D:\\workspace\\java_meetup\\web-app\\src\\registerServiceWorker.js","statementMap":{"0":{"start":{"line":5,"column":0},"end":{"line":34,"column":1}},"1":{"start":{"line":6,"column":2},"end":{"line":33,"column":5}},"2":{"start":{"line":8,"column":6},"end":{"line":11,"column":8}},"3":{"start":{"line":14,"column":6},"end":{"line":14,"column":57}},"4":{"start":{"line":17,"column":6},"end":{"line":17,"column":62}},"5":{"start":{"line":20,"column":6},"end":{"line":20,"column":49}},"6":{"start":{"line":23,"column":6},"end":{"line":23,"column":63}},"7":{"start":{"line":26,"column":6},"end":{"line":28,"column":8}},"8":{"start":{"line":31,"column":6},"end":{"line":31,"column":72}}},"fnMap":{"0":{"name":"(anonymous_0)","decl":{"start":{"line":7,"column":4},"end":{"line":7,"column":5}},"loc":{"start":{"line":7,"column":12},"end":{"line":12,"column":5}},"line":7},"1":{"name":"(anonymous_1)","decl":{"start":{"line":13,"column":4},"end":{"line":13,"column":5}},"loc":{"start":{"line":13,"column":17},"end":{"line":15,"column":5}},"line":13},"2":{"name":"(anonymous_2)","decl":{"start":{"line":16,"column":4},"end":{"line":16,"column":5}},"loc":{"start":{"line":16,"column":13},"end":{"line":18,"column":5}},"line":16},"3":{"name":"(anonymous_3)","decl":{"start":{"line":19,"column":4},"end":{"line":19,"column":5}},"loc":{"start":{"line":19,"column":18},"end":{"line":21,"column":5}},"line":19},"4":{"name":"(anonymous_4)","decl":{"start":{"line":22,"column":4},"end":{"line":22,"column":5}},"loc":{"start":{"line":22,"column":14},"end":{"line":24,"column":5}},"line":22},"5":{"name":"(anonymous_5)","decl":{"start":{"line":25,"column":4},"end":{"line":25,"column":5}},"loc":{"start":{"line":25,"column":14},"end":{"line":29,"column":5}},"line":25},"6":{"name":"(anonymous_6)","decl":{"start":{"line":30,"column":4},"end":{"line":30,"column":5}},"loc":{"start":{"line":30,"column":17},"end":{"line":32,"column":5}},"line":30}},"branchMap":{"0":{"loc":{"start":{"line":5,"column":0},"end":{"line":34,"column":1}},"type":"if","locations":[{"start":{"line":5,"column":0},"end":{"line":34,"column":1}},{"start":{"line":5,"column":0},"end":{"line":34,"column":1}}],"line":5}},"s":{"0":0,"1":0,"2":0,"3":0,"4":0,"5":0,"6":0,"7":0,"8":0},"f":{"0":0,"1":0,"2":0,"3":0,"4":0,"5":0,"6":0},"b":{"0":[0,0]},"hash":"60be3172e3200cfa6b9ce2484155ac1ad8002aa1"}
,"D:\\workspace\\java_meetup\\web-app\\src\\components\\Loader.vue": {"path":"D:\\workspace\\java_meetup\\web-app\\src\\components\\Loader.vue","statementMap":{"0":{"start":{"line":14,"column":0},"end":{"line":14,"column":null}}},"fnMap":{},"branchMap":{},"s":{"0":0},"f":{},"b":{}}
,"D:\\workspace\\java_meetup\\web-app\\src\\components\\RegisterUsers.vue": {"path":"D:\\workspace\\java_meetup\\web-app\\src\\components\\RegisterUsers.vue","statementMap":{"0":{"start":{"line":23,"column":0},"end":{"line":23,"column":null}},"1":{"start":{"line":24,"column":0},"end":{"line":24,"column":null}},"2":{"start":{"line":32,"column":0},"end":{"line":32,"column":null}},"3":{"start":{"line":43,"column":0},"end":{"line":43,"column":null}},"4":{"start":{"line":51,"column":0},"end":{"line":53,"column":null}},"5":{"start":{"line":52,"column":0},"end":{"line":52,"column":null}},"6":{"start":{"line":56,"column":0},"end":{"line":56,"column":null}},"7":{"start":{"line":57,"column":0},"end":{"line":57,"column":null}},"8":{"start":{"line":58,"column":0},"end":{"line":58,"column":null}},"9":{"start":{"line":59,"column":0},"end":{"line":59,"column":null}},"10":{"start":{"line":60,"column":0},"end":{"line":60,"column":null}},"11":{"start":{"line":64,"column":0},"end":{"line":64,"column":null}},"12":{"start":{"line":65,"column":0},"end":{"line":65,"column":null}},"13":{"start":{"line":66,"column":0},"end":{"line":68,"column":null}},"14":{"start":{"line":67,"column":0},"end":{"line":67,"column":null}},"15":{"start":{"line":69,"column":0},"end":{"line":72,"column":null}},"16":{"start":{"line":70,"column":0},"end":{"line":70,"column":null}},"17":{"start":{"line":71,"column":0},"end":{"line":71,"column":null}},"18":{"start":{"line":74,"column":0},"end":{"line":77,"column":null}},"19":{"start":{"line":75,"column":0},"end":{"line":75,"column":null}},"20":{"start":{"line":76,"column":0},"end":{"line":76,"column":null}},"21":{"start":{"line":79,"column":0},"end":{"line":82,"column":null}},"22":{"start":{"line":80,"column":0},"end":{"line":80,"column":null}},"23":{"start":{"line":81,"column":0},"end":{"line":81,"column":null}},"24":{"start":{"line":83,"column":0},"end":{"line":86,"column":null}},"25":{"start":{"line":84,"column":0},"end":{"line":84,"column":null}},"26":{"start":{"line":85,"column":0},"end":{"line":85,"column":null}},"27":{"start":{"line":87,"column":0},"end":{"line":90,"column":null}},"28":{"start":{"line":88,"column":0},"end":{"line":88,"column":null}},"29":{"start":{"line":89,"column":0},"end":{"line":89,"column":null}},"30":{"start":{"line":91,"column":0},"end":{"line":91,"column":null}}},"fnMap":{"0":{"name":"(anonymous_1)","decl":{"start":{"line":31,"column":0},"end":{"line":31,"column":null}},"loc":{"start":{"line":31,"column":0},"end":{"line":40,"column":null}}},"1":{"name":"(anonymous_2)","decl":{"start":{"line":42,"column":0},"end":{"line":42,"column":null}},"loc":{"start":{"line":42,"column":0},"end":{"line":54,"column":null}}},"2":{"name":"(anonymous_3)","decl":{"start":{"line":55,"column":0},"end":{"line":55,"column":null}},"loc":{"start":{"line":55,"column":0},"end":{"line":61,"column":null}}},"3":{"name":"(anonymous_4)","decl":{"start":{"line":62,"column":0},"end":{"line":62,"column":null}},"loc":{"start":{"line":62,"column":0},"end":{"line":92,"column":null}}},"4":{"name":"(anonymous_5)","decl":{"start":{"line":66,"column":0},"end":{"line":66,"column":null}},"loc":{"start":{"line":66,"column":0},"end":{"line":68,"column":null}}}},"branchMap":{"0":{"loc":{"start":{"line":51,"column":0},"end":{"line":53,"column":null}},"type":"if","locations":[{"start":{"line":51,"column":0},"end":{"line":53,"column":null}},{"start":{"line":51,"column":0},"end":{"line":53,"column":null}}]},"1":{"loc":{"start":{"line":69,"column":0},"end":{"line":72,"column":null}},"type":"if","locations":[{"start":{"line":69,"column":0},"end":{"line":72,"column":null}},{"start":{"line":69,"column":0},"end":{"line":72,"column":null}}]},"2":{"loc":{"start":{"line":74,"column":0},"end":{"line":77,"column":null}},"type":"if","locations":[{"start":{"line":74,"column":0},"end":{"line":77,"column":null}},{"start":{"line":74,"column":0},"end":{"line":77,"column":null}}]},"3":{"loc":{"start":{"line":79,"column":0},"end":{"line":82,"column":null}},"type":"if","locations":[{"start":{"line":79,"column":0},"end":{"line":82,"column":null}},{"start":{"line":79,"column":0},"end":{"line":82,"column":null}}]},"4":{"loc":{"start":{"line":83,"column":0},"end":{"line":86,"column":null}},"type":"if","locations":[{"start":{"line":83,"column":0},"end":{"line":86,"column":null}},{"start":{"line":83,"column":0},"end":{"line":86,"column":null}}]},"5":{"loc":{"start":{"line":87,"column":0},"end":{"line":90,"column":null}},"type":"if","locations":[{"start":{"line":87,"column":0},"end":{"line":90,"column":null}},{"start":{"line":87,"column":0},"end":{"line":90,"column":null}}]}},"s":{"0":1,"1":1,"2":1,"3":0,"4":0,"5":0,"6":0,"7":0,"8":0,"9":0,"10":0,"11":0,"12":0,"13":0,"14":0,"15":0,"16":0,"17":0,"18":0,"19":0,"20":0,"21":0,"22":0,"23":0,"24":0,"25":0,"26":0,"27":0,"28":0,"29":0,"30":0},"f":{"0":1,"1":0,"2":0,"3":0,"4":0},"b":{"0":[0,0],"1":[0,0],"2":[0,0],"3":[0,0],"4":[0,0],"5":[0,0]}}
,"D:\\workspace\\java_meetup\\web-app\\src\\components\\SnackBar.vue": {"path":"D:\\workspace\\java_meetup\\web-app\\src\\components\\SnackBar.vue","statementMap":{"0":{"start":{"line":9,"column":0},"end":{"line":9,"column":null}}},"fnMap":{},"branchMap":{},"s":{"0":1},"f":{},"b":{}}
,"D:\\workspace\\java_meetup\\web-app\\src\\plugins\\vuetify.js": {"path":"D:\\workspace\\java_meetup\\web-app\\src\\plugins\\vuetify.js","statementMap":{"0":{"start":{"line":8,"column":0},"end":{"line":8,"column":17}},"1":{"start":{"line":10,"column":13},"end":{"line":20,"column":1}}},"fnMap":{},"branchMap":{},"s":{"0":0,"1":0},"f":{},"b":{},"hash":"484d827f8842c29f3adbec5fad9725f9e5498543"}
,"D:\\workspace\\java_meetup\\web-app\\src\\store\\index.js": {"path":"D:\\workspace\\java_meetup\\web-app\\src\\store\\index.js","statementMap":{"0":{"start":{"line":5,"column":0},"end":{"line":5,"column":14}}},"fnMap":{},"branchMap":{},"s":{"0":0},"f":{},"b":{},"hash":"5abc1ea3de586bdecc9248a37c4a6d93357ea570"}
,"D:\\workspace\\java_meetup\\web-app\\src\\store\\modules\\register.js": {"path":"D:\\workspace\\java_meetup\\web-app\\src\\store\\modules\\register.js","statementMap":{"0":{"start":{"line":18,"column":12},"end":{"line":18,"column":40}},"1":{"start":{"line":19,"column":12},"end":{"line":19,"column":38}},"2":{"start":{"line":20,"column":12},"end":{"line":20,"column":39}},"3":{"start":{"line":21,"column":12},"end":{"line":21,"column":55}},"4":{"start":{"line":25,"column":12},"end":{"line":25,"column":71}},"5":{"start":{"line":26,"column":12},"end":{"line":26,"column":45}},"6":{"start":{"line":27,"column":12},"end":{"line":27,"column":42}},"7":{"start":{"line":28,"column":12},"end":{"line":28,"column":54}},"8":{"start":{"line":31,"column":12},"end":{"line":31,"column":45}},"9":{"start":{"line":32,"column":12},"end":{"line":32,"column":45}},"10":{"start":{"line":33,"column":12},"end":{"line":33,"column":42}},"11":{"start":{"line":34,"column":12},"end":{"line":34,"column":54}},"12":{"start":{"line":38,"column":12},"end":{"line":38,"column":32}},"13":{"start":{"line":42,"column":12},"end":{"line":42,"column":33}},"14":{"start":{"line":49,"column":12},"end":{"line":49,"column":55}},"15":{"start":{"line":52,"column":12},"end":{"line":52,"column":37}},"16":{"start":{"line":55,"column":12},"end":{"line":55,"column":32}},"17":{"start":{"line":56,"column":12},"end":{"line":78,"column":19}},"18":{"start":{"line":59,"column":20},"end":{"line":70,"column":21}},"19":{"start":{"line":60,"column":24},"end":{"line":62,"column":33}},"20":{"start":{"line":61,"column":28},"end":{"line":61,"column":53}},"21":{"start":{"line":63,"column":24},"end":{"line":63,"column":60}},"22":{"start":{"line":64,"column":24},"end":{"line":64,"column":45}},"23":{"start":{"line":66,"column":27},"end":{"line":70,"column":21}},"24":{"start":{"line":67,"column":24},"end":{"line":67,"column":63}},"25":{"start":{"line":68,"column":24},"end":{"line":68,"column":68}},"26":{"start":{"line":69,"column":24},"end":{"line":69,"column":45}},"27":{"start":{"line":73,"column":20},"end":{"line":73,"column":64}},"28":{"start":{"line":74,"column":20},"end":{"line":76,"column":22}},"29":{"start":{"line":75,"column":24},"end":{"line":75,"column":61}},"30":{"start":{"line":77,"column":20},"end":{"line":77,"column":41}},"31":{"start":{"line":83,"column":12},"end":{"line":83,"column":34}},"32":{"start":{"line":86,"column":12},"end":{"line":86,"column":32}}},"fnMap":{"0":{"name":"(anonymous_0)","decl":{"start":{"line":17,"column":8},"end":{"line":17,"column":9}},"loc":{"start":{"line":17,"column":30},"end":{"line":22,"column":9}},"line":17},"1":{"name":"(anonymous_1)","decl":{"start":{"line":24,"column":8},"end":{"line":24,"column":9}},"loc":{"start":{"line":24,"column":41},"end":{"line":29,"column":9}},"line":24},"2":{"name":"(anonymous_2)","decl":{"start":{"line":30,"column":8},"end":{"line":30,"column":9}},"loc":{"start":{"line":30,"column":48},"end":{"line":35,"column":9}},"line":30},"3":{"name":"(anonymous_3)","decl":{"start":{"line":37,"column":8},"end":{"line":37,"column":9}},"loc":{"start":{"line":37,"column":25},"end":{"line":39,"column":9}},"line":37},"4":{"name":"(anonymous_4)","decl":{"start":{"line":41,"column":8},"end":{"line":41,"column":9}},"loc":{"start":{"line":41,"column":26},"end":{"line":43,"column":9}},"line":41},"5":{"name":"(anonymous_5)","decl":{"start":{"line":48,"column":8},"end":{"line":48,"column":9}},"loc":{"start":{"line":48,"column":51},"end":{"line":50,"column":9}},"line":48},"6":{"name":"(anonymous_6)","decl":{"start":{"line":51,"column":8},"end":{"line":51,"column":9}},"loc":{"start":{"line":51,"column":33},"end":{"line":53,"column":9}},"line":51},"7":{"name":"(anonymous_7)","decl":{"start":{"line":54,"column":8},"end":{"line":54,"column":9}},"loc":{"start":{"line":54,"column":38},"end":{"line":79,"column":9}},"line":54},"8":{"name":"(anonymous_8)","decl":{"start":{"line":58,"column":22},"end":{"line":58,"column":23}},"loc":{"start":{"line":58,"column":34},"end":{"line":71,"column":17}},"line":58},"9":{"name":"(anonymous_9)","decl":{"start":{"line":60,"column":35},"end":{"line":60,"column":36}},"loc":{"start":{"line":60,"column":41},"end":{"line":62,"column":25}},"line":60},"10":{"name":"(anonymous_10)","decl":{"start":{"line":72,"column":23},"end":{"line":72,"column":24}},"loc":{"start":{"line":72,"column":32},"end":{"line":78,"column":17}},"line":72},"11":{"name":"(anonymous_11)","decl":{"start":{"line":74,"column":51},"end":{"line":74,"column":52}},"loc":{"start":{"line":74,"column":58},"end":{"line":76,"column":21}},"line":74},"12":{"name":"(anonymous_12)","decl":{"start":{"line":82,"column":8},"end":{"line":82,"column":9}},"loc":{"start":{"line":82,"column":31},"end":{"line":84,"column":9}},"line":82},"13":{"name":"(anonymous_13)","decl":{"start":{"line":85,"column":8},"end":{"line":85,"column":9}},"loc":{"start":{"line":85,"column":29},"end":{"line":87,"column":9}},"line":85}},"branchMap":{"0":{"loc":{"start":{"line":59,"column":20},"end":{"line":70,"column":21}},"type":"if","locations":[{"start":{"line":59,"column":20},"end":{"line":70,"column":21}},{"start":{"line":59,"column":20},"end":{"line":70,"column":21}}],"line":59},"1":{"loc":{"start":{"line":66,"column":27},"end":{"line":70,"column":21}},"type":"if","locations":[{"start":{"line":66,"column":27},"end":{"line":70,"column":21}},{"start":{"line":66,"column":27},"end":{"line":70,"column":21}}],"line":66}},"s":{"0":0,"1":0,"2":0,"3":0,"4":0,"5":0,"6":0,"7":0,"8":0,"9":0,"10":0,"11":0,"12":0,"13":0,"14":0,"15":0,"16":0,"17":0,"18":0,"19":0,"20":0,"21":0,"22":0,"23":0,"24":0,"25":0,"26":0,"27":0,"28":0,"29":0,"30":0,"31":0,"32":0},"f":{"0":0,"1":0,"2":0,"3":0,"4":0,"5":0,"6":0,"7":0,"8":0,"9":0,"10":0,"11":0,"12":0,"13":0},"b":{"0":[0,0],"1":[0,0]},"hash":"1ebb4e452591c8189092738dd6ec787ffab8adf9"}
,"D:\\workspace\\java_meetup\\web-app\\src\\utils\\Urls.js": {"path":"D:\\workspace\\java_meetup\\web-app\\src\\utils\\Urls.js","statementMap":{"0":{"start":{"line":1,"column":0},"end":{"line":3,"column":2}}},"fnMap":{},"branchMap":{},"s":{"0":0},"f":{},"b":{},"hash":"466481798fea9c021dff51e9c271191159824693"}
}
